[8/8/2025, 19:54:54] INFO [HeartbeatManager configurado y iniciado] 
[8/8/2025, 19:54:54] INFO [SignalingServer instance created]  | Data: true
[8/8/2025, 19:54:54] WARN [HeartbeatManager ya está ejecutándose]  | Data: true
[8/8/2025, 19:54:54] INFO [HeartbeatManager configurado y iniciado] 
[8/8/2025, 19:54:54] INFO [SignalingServer instance created]  | Data: true
[8/8/2025, 19:54:54] INFO [WebRTCServer inicializado] 
[8/8/2025, 19:54:54] INFO [Servidor WebRTC iniciado] 
[8/8/2025, 19:56:22] INFO [Señal SIGINT recibida, cerrando servidor...] 
[8/8/2025, 19:56:22] INFO [Cerrando servidor WebRTC...] 
[8/8/2025, 19:56:22] INFO [HeartbeatManager detenido] 
[8/8/2025, 19:56:22] INFO [Servidor WebRTC cerrado correctamente] 
[8/8/2025, 19:56:23] INFO [HeartbeatManager configurado y iniciado] 
[8/8/2025, 19:56:23] INFO [SignalingServer instance created]  | Data: true
[8/8/2025, 19:56:23] WARN [HeartbeatManager ya está ejecutándose]  | Data: true
[8/8/2025, 19:56:23] INFO [HeartbeatManager configurado y iniciado] 
[8/8/2025, 19:56:23] INFO [SignalingServer instance created]  | Data: true
[8/8/2025, 19:56:23] INFO [WebRTCServer inicializado] 
[8/8/2025, 19:56:23] INFO [Servidor WebRTC iniciado] 
[8/8/2025, 19:57:05] INFO [Señal SIGINT recibida, cerrando servidor...] 
[8/8/2025, 19:57:05] INFO [Cerrando servidor WebRTC...] 
[8/8/2025, 19:57:05] INFO [HeartbeatManager detenido] 
[8/8/2025, 19:57:05] INFO [Servidor WebRTC cerrado correctamente] 
[8/8/2025, 19:57:06] INFO [HeartbeatManager configurado y iniciado] 
[8/8/2025, 19:57:06] INFO [SignalingServer instance created]  | Data: true
[8/8/2025, 19:57:06] WARN [HeartbeatManager ya está ejecutándose]  | Data: true
[8/8/2025, 19:57:06] INFO [HeartbeatManager configurado y iniciado] 
[8/8/2025, 19:57:06] INFO [SignalingServer instance created]  | Data: true
[8/8/2025, 19:57:06] INFO [WebRTCServer inicializado] 
[8/8/2025, 19:57:06] INFO [Servidor WebRTC iniciado] 
[8/8/2025, 19:57:30] INFO [Señal SIGINT recibida, cerrando servidor...] 
[8/8/2025, 19:57:30] INFO [Cerrando servidor WebRTC...] 
[8/8/2025, 19:57:30] INFO [HeartbeatManager detenido] 
[8/8/2025, 19:57:30] INFO [Servidor WebRTC cerrado correctamente] 
[8/8/2025, 19:57:32] INFO [HeartbeatManager configurado y iniciado] 
[8/8/2025, 19:57:32] INFO [SignalingServer instance created]  | Data: true
[8/8/2025, 19:57:32] WARN [HeartbeatManager ya está ejecutándose]  | Data: true
[8/8/2025, 19:57:32] INFO [HeartbeatManager configurado y iniciado] 
[8/8/2025, 19:57:32] INFO [SignalingServer instance created]  | Data: true
[8/8/2025, 19:57:32] INFO [WebRTCServer inicializado] 
[8/8/2025, 19:57:32] INFO [Servidor WebRTC iniciado] 
[8/8/2025, 19:58:52] INFO [Señal SIGINT recibida, cerrando servidor...] 
[8/8/2025, 19:58:52] INFO [Cerrando servidor WebRTC...] 
[8/8/2025, 19:58:52] INFO [HeartbeatManager detenido] 
[8/8/2025, 19:58:52] INFO [Servidor WebRTC cerrado correctamente] 
[8/8/2025, 19:58:54] INFO [HeartbeatManager configurado y iniciado] 
[8/8/2025, 19:58:54] INFO [SignalingServer instance created]  | Data: true
[8/8/2025, 19:58:54] WARN [HeartbeatManager ya está ejecutándose]  | Data: true
[8/8/2025, 19:58:54] INFO [HeartbeatManager configurado y iniciado] 
[8/8/2025, 19:58:54] INFO [SignalingServer instance created]  | Data: true
[8/8/2025, 19:58:54] INFO [WebRTCServer inicializado] 
[8/8/2025, 19:58:54] INFO [Servidor WebRTC iniciado] 
[8/8/2025, 20:00:22] INFO [Señal SIGINT recibida, cerrando servidor...] 
[8/8/2025, 20:00:22] INFO [Cerrando servidor WebRTC...] 
[8/8/2025, 20:00:22] INFO [HeartbeatManager detenido] 
[8/8/2025, 20:00:22] INFO [Servidor WebRTC cerrado correctamente] 
[8/8/2025, 20:00:23] INFO [HeartbeatManager configurado y iniciado] 
[8/8/2025, 20:00:23] INFO [SignalingServer instance created]  | Data: true
[8/8/2025, 20:00:23] WARN [HeartbeatManager ya está ejecutándose]  | Data: true
[8/8/2025, 20:00:23] INFO [HeartbeatManager configurado y iniciado] 
[8/8/2025, 20:00:23] INFO [SignalingServer instance created]  | Data: true
[8/8/2025, 20:00:23] INFO [WebRTCServer inicializado] 
[8/8/2025, 20:00:23] INFO [Servidor WebRTC iniciado] 
[8/8/2025, 20:01:06] INFO [Señal SIGINT recibida, cerrando servidor...] 
[8/8/2025, 20:01:06] INFO [Cerrando servidor WebRTC...] 
[8/8/2025, 20:01:06] INFO [HeartbeatManager detenido] 
[8/8/2025, 20:01:06] INFO [Servidor WebRTC cerrado correctamente] 
[8/8/2025, 20:01:07] INFO [HeartbeatManager configurado y iniciado] 
[8/8/2025, 20:01:07] INFO [SignalingServer instance created]  | Data: true
[8/8/2025, 20:01:07] WARN [HeartbeatManager ya está ejecutándose]  | Data: true
[8/8/2025, 20:01:07] INFO [HeartbeatManager configurado y iniciado] 
[8/8/2025, 20:01:07] INFO [SignalingServer instance created]  | Data: true
[8/8/2025, 20:01:07] INFO [WebRTCServer inicializado] 
[8/8/2025, 20:01:07] INFO [Servidor WebRTC iniciado] 
[8/8/2025, 20:01:08] INFO [Nueva conexión Socket.IO] 
[8/8/2025, 20:01:08] DEBUG [Heartbeat configurado para socket WgxCefAjvLJ8STgaAAAB] 
[8/8/2025, 20:01:08] INFO [User connected: user12313] 
[8/8/2025, 20:02:02] INFO [HeartbeatManager configurado y iniciado] 
[8/8/2025, 20:02:02] INFO [SignalingServer instance created]  | Data: true
[8/8/2025, 20:02:02] WARN [HeartbeatManager ya está ejecutándose]  | Data: true
[8/8/2025, 20:02:02] INFO [HeartbeatManager configurado y iniciado] 
[8/8/2025, 20:02:02] INFO [SignalingServer instance created]  | Data: true
[8/8/2025, 20:02:02] INFO [WebRTCServer inicializado] 
[8/8/2025, 20:02:02] INFO [Servidor WebRTC iniciado] 
[8/8/2025, 20:02:02] INFO [Nueva conexión Socket.IO] 
[8/8/2025, 20:02:02] DEBUG [Heartbeat configurado para socket ni1KuoUFyANQe653AAAB] 
[8/8/2025, 20:02:02] INFO [User connected: user12313] 
[8/8/2025, 20:02:07] INFO [HeartbeatManager configurado y iniciado] 
[8/8/2025, 20:02:07] INFO [SignalingServer instance created]  | Data: true
[8/8/2025, 20:02:07] WARN [HeartbeatManager ya está ejecutándose]  | Data: true
[8/8/2025, 20:02:07] INFO [HeartbeatManager configurado y iniciado] 
[8/8/2025, 20:02:07] INFO [SignalingServer instance created]  | Data: true
[8/8/2025, 20:02:07] INFO [WebRTCServer inicializado] 
[8/8/2025, 20:02:07] INFO [Servidor WebRTC iniciado] 
[8/8/2025, 20:02:07] INFO [Nueva conexión Socket.IO] 
[8/8/2025, 20:02:07] DEBUG [Heartbeat configurado para socket mzevLQcYNdmP2qgfAAAB] 
[8/8/2025, 20:02:07] INFO [User connected: user12313] 
[8/8/2025, 20:42:24] INFO [HeartbeatManager configurado y iniciado] 
[8/8/2025, 20:42:24] INFO [SignalingServer instance created]  | Data: true
[8/8/2025, 20:42:24] WARN [HeartbeatManager ya está ejecutándose]  | Data: true
[8/8/2025, 20:42:24] INFO [HeartbeatManager configurado y iniciado] 
[8/8/2025, 20:42:24] INFO [SignalingServer instance created]  | Data: true
[8/8/2025, 20:42:24] INFO [Servidor WebRTC iniciado] 
[8/8/2025, 20:42:27] INFO [Nueva conexión Socket.IO] 
[8/8/2025, 20:42:27] DEBUG [Heartbeat configurado para socket bRNjpufbLi55jakgAAAB] 
[8/8/2025, 20:42:27] INFO [User connected: user12313] 
[8/8/2025, 20:43:28] INFO [HeartbeatManager configurado y iniciado] 
[8/8/2025, 20:43:28] INFO [SignalingServer instance created]  | Data: true
[8/8/2025, 20:43:28] WARN [HeartbeatManager ya está ejecutándose]  | Data: true
[8/8/2025, 20:43:28] INFO [HeartbeatManager configurado y iniciado] 
[8/8/2025, 20:43:28] INFO [SignalingServer instance created]  | Data: true
[8/8/2025, 20:43:28] INFO [Servidor WebRTC iniciado] 
[8/8/2025, 20:43:33] INFO [Nueva conexión Socket.IO] 
[8/8/2025, 20:43:33] DEBUG [Heartbeat configurado para socket 5UDmQ-5ejKXy47thAAAB] 
[8/8/2025, 20:43:33] INFO [User connected: user12313] 
[8/8/2025, 20:44:13] INFO [HeartbeatManager configurado y iniciado] 
[8/8/2025, 20:44:13] INFO [SignalingServer instance created]  | Data: true
[8/8/2025, 20:44:13] WARN [HeartbeatManager ya está ejecutándose]  | Data: true
[8/8/2025, 20:44:13] INFO [HeartbeatManager configurado y iniciado] 
[8/8/2025, 20:44:13] INFO [SignalingServer instance created]  | Data: true
[8/8/2025, 20:44:14] INFO [Servidor WebRTC iniciado] 
[8/8/2025, 20:44:17] INFO [Nueva conexión Socket.IO] 
[8/8/2025, 20:44:17] DEBUG [Heartbeat configurado para socket STQ97l-dKWj2GRZpAAAB] 
[8/8/2025, 20:44:17] INFO [User connected: user12313] 
[8/8/2025, 20:44:46] INFO [HeartbeatManager configurado y iniciado] 
[8/8/2025, 20:44:46] INFO [SignalingServer instance created]  | Data: true
[8/8/2025, 20:44:46] WARN [HeartbeatManager ya está ejecutándose]  | Data: true
[8/8/2025, 20:44:46] INFO [HeartbeatManager configurado y iniciado] 
[8/8/2025, 20:44:46] INFO [SignalingServer instance created]  | Data: true
[8/8/2025, 20:44:46] INFO [Servidor WebRTC iniciado] 
[8/8/2025, 20:45:00] INFO [Nueva conexión Socket.IO] 
[8/8/2025, 20:45:00] DEBUG [Heartbeat configurado para socket kWSlKjBfU3Tmj-jOAAAB] 
[8/8/2025, 20:45:00] INFO [User connected: user] 
[8/8/2025, 20:45:54] INFO [HeartbeatManager configurado y iniciado] 
[8/8/2025, 20:45:54] INFO [SignalingServer instance created]  | Data: true
[8/8/2025, 20:45:54] WARN [HeartbeatManager ya está ejecutándose]  | Data: true
[8/8/2025, 20:45:54] INFO [HeartbeatManager configurado y iniciado] 
[8/8/2025, 20:45:54] INFO [SignalingServer instance created]  | Data: true
[8/8/2025, 20:45:54] INFO [Servidor WebRTC iniciado] 
[8/8/2025, 20:45:55] INFO [Nueva conexión Socket.IO] 
[8/8/2025, 20:45:55] DEBUG [Heartbeat configurado para socket bQh5xPeSbGPs06fRAAAB] 
[8/8/2025, 20:45:55] INFO [User connected: user] 
[8/8/2025, 20:48:55] INFO [HeartbeatManager configurado y iniciado] 
[8/8/2025, 20:48:55] INFO [SignalingServer instance created]  | Data: true
[8/8/2025, 20:48:55] WARN [HeartbeatManager ya está ejecutándose]  | Data: true
[8/8/2025, 20:48:55] INFO [HeartbeatManager configurado y iniciado] 
[8/8/2025, 20:48:55] INFO [SignalingServer instance created]  | Data: true
[8/8/2025, 20:48:55] INFO [Servidor WebRTC iniciado] 
[8/8/2025, 20:48:58] INFO [Nueva conexión Socket.IO] 
[8/8/2025, 20:48:58] DEBUG [Heartbeat configurado para socket fXhJYrr3cX_WQeJZAAAB] 
[8/8/2025, 20:48:58] INFO [User connected: user] 
[8/8/2025, 20:49:29] INFO [HeartbeatManager configurado y iniciado] 
[8/8/2025, 20:49:29] INFO [SignalingServer instance created]  | Data: true
[8/8/2025, 20:49:29] WARN [HeartbeatManager ya está ejecutándose]  | Data: true
[8/8/2025, 20:49:29] INFO [HeartbeatManager configurado y iniciado] 
[8/8/2025, 20:49:29] INFO [SignalingServer instance created]  | Data: true
[8/8/2025, 20:49:29] INFO [Servidor WebRTC iniciado] 
[8/8/2025, 20:49:29] INFO [Nueva conexión Socket.IO] 
[8/8/2025, 20:49:29] DEBUG [Heartbeat configurado para socket Gy2tzSnj-LYb8I8sAAAB] 
[8/8/2025, 20:49:29] INFO [User connected: user] 
[8/8/2025, 20:49:32] INFO [Iniciando proceso de desconexión para socket Gy2tzSnj-LYb8I8sAAAB]  | Data: "user"
[8/8/2025, 20:49:32] DEBUG [Notificando desconexión a 0 usuarios conectados] 
[8/8/2025, 20:49:32] INFO [Proceso de desconexión completado para socket Gy2tzSnj-LYb8I8sAAAB] 
[8/8/2025, 20:49:32] INFO [Desconexión Socket.IO] 
[8/8/2025, 20:49:32] INFO [Nueva conexión Socket.IO] 
[8/8/2025, 20:49:32] DEBUG [Heartbeat configurado para socket yYcNYsmgC_OAEylHAAAD] 
[8/8/2025, 20:49:32] INFO [User connected: user] 
[8/8/2025, 20:49:33] INFO [Nueva conexión Socket.IO] 
[8/8/2025, 20:49:33] DEBUG [Heartbeat configurado para socket ncavgj75ON44b0yQAAAF] 
[8/8/2025, 20:49:33] INFO [User connected: user12313] 
[8/8/2025, 20:50:13] DEBUG [Ping timeout para socket yYcNYsmgC_OAEylHAAAD, intentos fallidos: 1] 
[8/8/2025, 20:50:13] DEBUG [Ping timeout para socket yYcNYsmgC_OAEylHAAAD, intentos fallidos: 1] 
[8/8/2025, 20:50:13] DEBUG [Ping timeout para socket ncavgj75ON44b0yQAAAF, intentos fallidos: 1] 
[8/8/2025, 20:50:13] DEBUG [Ping timeout para socket ncavgj75ON44b0yQAAAF, intentos fallidos: 1] 
[8/8/2025, 20:50:28] DEBUG [Ping timeout para socket yYcNYsmgC_OAEylHAAAD, intentos fallidos: 2] 
[8/8/2025, 20:50:28] DEBUG [Ping timeout para socket yYcNYsmgC_OAEylHAAAD, intentos fallidos: 2] 
[8/8/2025, 20:50:28] DEBUG [Ping timeout para socket ncavgj75ON44b0yQAAAF, intentos fallidos: 2] 
[8/8/2025, 20:50:28] DEBUG [Ping timeout para socket ncavgj75ON44b0yQAAAF, intentos fallidos: 2] 
[8/8/2025, 20:50:43] DEBUG [Ping timeout para socket yYcNYsmgC_OAEylHAAAD, intentos fallidos: 3] 
[8/8/2025, 20:50:43] DEBUG [Ping timeout para socket yYcNYsmgC_OAEylHAAAD, intentos fallidos: 3] 
[8/8/2025, 20:50:43] WARN [Conexión perdida detectada para socket yYcNYsmgC_OAEylHAAAD] 
[8/8/2025, 20:50:43] WARN [Conexión perdida detectada para socket yYcNYsmgC_OAEylHAAAD] 
[8/8/2025, 20:50:43] INFO [Iniciando proceso de desconexión para socket yYcNYsmgC_OAEylHAAAD]  | Data: "user"
[8/8/2025, 20:50:43] DEBUG [Notificando desconexión a 1 usuarios conectados] 
[8/8/2025, 20:50:43] INFO [Proceso de desconexión completado para socket yYcNYsmgC_OAEylHAAAD] 
[8/8/2025, 20:50:43] INFO [Desconexión Socket.IO] 
[8/8/2025, 20:50:43] DEBUG [Ping timeout para socket ncavgj75ON44b0yQAAAF, intentos fallidos: 3] 
[8/8/2025, 20:50:43] DEBUG [Ping timeout para socket ncavgj75ON44b0yQAAAF, intentos fallidos: 3] 
[8/8/2025, 20:50:43] WARN [Conexión perdida detectada para socket ncavgj75ON44b0yQAAAF] 
[8/8/2025, 20:50:43] WARN [Conexión perdida detectada para socket ncavgj75ON44b0yQAAAF] 
[8/8/2025, 20:50:43] INFO [Iniciando proceso de desconexión para socket ncavgj75ON44b0yQAAAF]  | Data: "user12313"
[8/8/2025, 20:50:43] DEBUG [Notificando desconexión a 0 usuarios conectados] 
[8/8/2025, 20:50:43] INFO [Proceso de desconexión completado para socket ncavgj75ON44b0yQAAAF] 
[8/8/2025, 20:50:43] INFO [Desconexión Socket.IO] 
[8/8/2025, 20:53:33] INFO [HeartbeatManager configurado y iniciado] 
[8/8/2025, 20:53:33] INFO [SignalingServer instance created]  | Data: true
[8/8/2025, 20:53:33] WARN [HeartbeatManager ya está ejecutándose]  | Data: true
[8/8/2025, 20:53:33] INFO [HeartbeatManager configurado y iniciado] 
[8/8/2025, 20:53:33] INFO [SignalingServer instance created]  | Data: true
[8/8/2025, 20:53:33] INFO [Servidor Socket.IO iniciado] 
[8/8/2025, 20:54:46] INFO [HeartbeatManager configurado y iniciado] 
[8/8/2025, 20:54:46] INFO [SignalingServer instance created]  | Data: true
[8/8/2025, 20:54:46] WARN [HeartbeatManager ya está ejecutándose]  | Data: true
[8/8/2025, 20:54:46] INFO [HeartbeatManager configurado y iniciado] 
[8/8/2025, 20:54:46] INFO [SignalingServer instance created]  | Data: true
[8/8/2025, 20:54:46] INFO [Servidor Socket.IO iniciado] 
[8/8/2025, 20:55:26] INFO [HeartbeatManager configurado y iniciado] 
[8/8/2025, 20:55:26] INFO [SignalingServer instance created]  | Data: true
[8/8/2025, 20:55:26] WARN [HeartbeatManager ya está ejecutándose]  | Data: true
[8/8/2025, 20:55:26] INFO [HeartbeatManager configurado y iniciado] 
[8/8/2025, 20:55:26] INFO [SignalingServer instance created]  | Data: true
[8/8/2025, 20:55:27] INFO [Servidor Socket.IO iniciado] 
[8/8/2025, 20:55:58] INFO [HeartbeatManager configurado y iniciado] 
[8/8/2025, 20:55:58] INFO [SignalingServer instance created]  | Data: true
[8/8/2025, 20:55:58] WARN [HeartbeatManager ya está ejecutándose]  | Data: true
[8/8/2025, 20:55:58] INFO [HeartbeatManager configurado y iniciado] 
[8/8/2025, 20:55:58] INFO [SignalingServer instance created]  | Data: true
[8/8/2025, 20:55:58] INFO [Servidor Socket.IO iniciado] 
[8/8/2025, 20:57:59] INFO [HeartbeatManager configurado y iniciado] 
[8/8/2025, 20:58:00] INFO [SignalingServer instance created]  | Data: true
[8/8/2025, 20:58:00] WARN [HeartbeatManager ya está ejecutándose]  | Data: true
[8/8/2025, 20:58:00] INFO [HeartbeatManager configurado y iniciado] 
[8/8/2025, 20:58:00] INFO [SignalingServer instance created]  | Data: true
[8/8/2025, 20:58:00] INFO [Servidor Socket.IO iniciado] 
[8/8/2025, 20:58:31] INFO [HeartbeatManager configurado y iniciado] 
[8/8/2025, 20:58:31] INFO [SignalingServer instance created]  | Data: true
[8/8/2025, 20:58:31] WARN [HeartbeatManager ya está ejecutándose]  | Data: true
[8/8/2025, 20:58:31] INFO [HeartbeatManager configurado y iniciado] 
[8/8/2025, 20:58:31] INFO [SignalingServer instance created]  | Data: true
[8/8/2025, 20:58:31] INFO [Servidor Socket.IO iniciado] 
[8/8/2025, 20:59:33] INFO [HeartbeatManager configurado y iniciado] 
[8/8/2025, 20:59:33] INFO [SignalingServer instance created]  | Data: true
[8/8/2025, 20:59:33] WARN [HeartbeatManager ya está ejecutándose]  | Data: true
[8/8/2025, 20:59:33] INFO [HeartbeatManager configurado y iniciado] 
[8/8/2025, 20:59:33] INFO [SignalingServer instance created]  | Data: true
[8/8/2025, 20:59:33] INFO [Servidor Socket.IO iniciado] 
[8/8/2025, 21:00:09] INFO [HeartbeatManager configurado y iniciado] 
[8/8/2025, 21:00:09] INFO [SignalingServer instance created]  | Data: true
[8/8/2025, 21:00:09] WARN [HeartbeatManager ya está ejecutándose]  | Data: true
[8/8/2025, 21:00:09] INFO [HeartbeatManager configurado y iniciado] 
[8/8/2025, 21:00:09] INFO [SignalingServer instance created]  | Data: true
[8/8/2025, 21:00:09] INFO [Servidor Socket.IO iniciado] 
[8/8/2025, 21:00:49] INFO [HeartbeatManager configurado y iniciado] 
[8/8/2025, 21:00:49] INFO [SignalingServer instance created]  | Data: true
[8/8/2025, 21:00:49] WARN [HeartbeatManager ya está ejecutándose]  | Data: true
[8/8/2025, 21:00:49] INFO [HeartbeatManager configurado y iniciado] 
[8/8/2025, 21:00:49] INFO [SignalingServer instance created]  | Data: true
[8/8/2025, 21:00:49] INFO [Servidor Socket.IO iniciado] 
[8/8/2025, 21:01:23] INFO [Nueva conexión Socket.IO] 
[8/8/2025, 21:01:23] DEBUG [Heartbeat configurado para socket 6HLvK6wdtERPKgEqAAAB] 
[8/8/2025, 21:01:23] INFO [User connected: user12313] 
[8/8/2025, 21:01:47] INFO [HeartbeatManager configurado y iniciado] 
[8/8/2025, 21:01:47] INFO [SignalingServer instance created]  | Data: true
[8/8/2025, 21:01:47] WARN [HeartbeatManager ya está ejecutándose]  | Data: true
[8/8/2025, 21:01:47] INFO [HeartbeatManager configurado y iniciado] 
[8/8/2025, 21:01:47] INFO [SignalingServer instance created]  | Data: true
[8/8/2025, 21:01:47] INFO [Servidor Socket.IO iniciado] 
[8/8/2025, 21:01:49] INFO [Nueva conexión Socket.IO] 
[8/8/2025, 21:01:49] DEBUG [Heartbeat configurado para socket n4qm1yduVx5-IBuhAAAB] 
[8/8/2025, 21:01:49] INFO [User connected: user12313] 
[8/8/2025, 21:01:50] INFO [Iniciando proceso de desconexión para socket n4qm1yduVx5-IBuhAAAB]  | Data: "user12313"
[8/8/2025, 21:01:50] DEBUG [Notificando desconexión a 0 usuarios conectados] 
[8/8/2025, 21:01:50] INFO [Proceso de desconexión completado para socket n4qm1yduVx5-IBuhAAAB] 
[8/8/2025, 21:01:50] INFO [Desconexión Socket.IO] 
[8/8/2025, 21:01:50] INFO [Nueva conexión Socket.IO] 
[8/8/2025, 21:01:50] DEBUG [Heartbeat configurado para socket ZQF2X7vrhjlIo9cCAAAD] 
[8/8/2025, 21:01:50] INFO [User connected: user12313] 
[8/8/2025, 21:02:04] INFO [Nueva conexión Socket.IO] 
[8/8/2025, 21:02:04] DEBUG [Heartbeat configurado para socket Vp7K72D56Zfh8P1PAAAF] 
[8/8/2025, 21:02:04] INFO [User connected: user1] 
